[2024-06-04 22:59:52] local.INFO: Charge route accessed.  
[2024-06-04 22:59:52] local.INFO: Options for TzController:  {"api_key":"FzEf1L4Ee4RkRCYVQE1cjfhKAWN2OMbl","public_key":"MIICIjANBgkqhkiG9w0BAQEFAAOCAg8AMIICCgKCAgEAietPTdEyyoV/wvxRjS5pSn3ZBQH9hnVtQC9SFLgM9IkomEX9Vu9fBg2MzWSSqkQlaYIGFGH3d69Q5NOWkRo+Y8p5a61sc9hZ+ItAiEL9KIbZzhnMwi12jUYCTff0bVTsTGSNUePQ2V42sToOIKCeBpUtwWKhhW3CSpK7S1iJhS9H22/BT/pk21Jd8btwMLUHfVD95iXbHNM8u6vFaYuHczx966T7gpa9RGGXRtiOr3ScJq1515tzOSOsHTPHLTun59nxxJiEjKoI4Lb9h6IlauvcGAQHp5q6/2XmxuqZdGzh39uLac8tMSmY3vC3fiHYC3iMyTb7eXqATIhDUOf9mOSbgZMS19iiVZvz8igDl950IMcelJwcj0qCLoufLE5y8ud5WIw47OCVkD7tcAEPmVWlCQ744SIM5afw+Jg50T1SEtu3q3GiL0UQ6KTLDyDEt5BL9HWXAIXsjFdPDpX1jtxZavVQV+Jd7FXhuPQuDbh12liTROREdzatYWRnrhzeOJ5Se9xeXLvYSj8DmAI4iFf2cVtWCzj/02uK4+iIGXlX7lHP1W+tycLS7Pe2RdtC2+oz5RSSqb5jI4+3iEY/vZjSMBVk69pCDzZy4ZE8LBgyEvSabJ/cddwWmShcRS+21XvGQ1uXYLv0FCTEHHobCfmn2y8bJBb/Hct53BaojWUCAwEAAQ==","service_provider_code":"51909","country":"LES","currency":"LSL","persistent_session":false,"env":"openapi"} 
[2024-06-04 22:59:52] local.ERROR: Unexpected response structure: {"output_error":"API or Session key is not authorized"} {"exception":"[object] (Exception(code: 0): Unexpected response structure: {\"output_error\":\"API or Session key is not authorized\"} at /home/gw-ent.co.za/public_html/app/Http/Controllers/TzController.php:123)
[stacktrace]
#0 /home/gw-ent.co.za/public_html/app/Http/Controllers/TzController.php(148): App\\Http\\Controllers\\TzController->getSessionToken()
#1 /home/gw-ent.co.za/public_html/routes/api.php(47): App\\Http\\Controllers\\TzController->c2b()
#2 /home/gw-ent.co.za/public_html/vendor/laravel/framework/src/Illuminate/Routing/CallableDispatcher.php(40): Illuminate\\Routing\\RouteFileRegistrar->{closure}()
#3 /home/gw-ent.co.za/public_html/vendor/laravel/framework/src/Illuminate/Routing/Route.php(237): Illuminate\\Routing\\CallableDispatcher->dispatch()
#4 /home/gw-ent.co.za/public_html/vendor/laravel/framework/src/Illuminate/Routing/Route.php(208): Illuminate\\Routing\\Route->runCallable()
#5 /home/gw-ent.co.za/public_html/vendor/laravel/framework/src/Illuminate/Routing/Router.php(806): Illuminate\\Routing\\Route->run()
#6 /home/gw-ent.co.za/public_html/vendor/laravel/framework/src/Illuminate/Pipeline/Pipeline.php(144): Illuminate\\Routing\\Router->Illuminate\\Routing\\{closure}()
#7 /home/gw-ent.co.za/public_html/vendor/laravel/framework/src/Illuminate/Routing/Middleware/SubstituteBindings.php(50): Illuminate\\Pipeline\\Pipeline->Illuminate\\Pipeline\\{closure}()
#8 /home/gw-ent.co.za/public_html/vendor/laravel/framework/src/Illuminate/Pipeline/Pipeline.php(183): Illuminate\\Routing\\Middleware\\SubstituteBindings->handle()
#9 /home/gw-ent.co.za/public_html/vendor/laravel/framework/src/Illuminate/Routing/Middleware/ThrottleRequests.php(159): Illuminate\\Pipeline\\Pipeline->Illuminate\\Pipeline\\{closure}()
#10 /home/gw-ent.co.za/public_html/vendor/laravel/framework/src/Illuminate/Routing/Middleware/ThrottleRequests.php(135): Illuminate\\Routing\\Middleware\\ThrottleRequests->handleRequest()
#11 /home/gw-ent.co.za/public_html/vendor/laravel/framework/src/Illuminate/Routing/Middleware/ThrottleRequests.php(87): Illuminate\\Routing\\Middleware\\ThrottleRequests->handleRequestUsingNamedLimiter()
#12 /home/gw-ent.co.za/public_html/vendor/laravel/framework/src/Illuminate/Pipeline/Pipeline.php(183): Illuminate\\Routing\\Middleware\\ThrottleRequests->handle()
#13 /home/gw-ent.co.za/public_html/vendor/laravel/framework/src/Illuminate/Pipeline/Pipeline.php(119): Illuminate\\Pipeline\\Pipeline->Illuminate\\Pipeline\\{closure}()
#14 /home/gw-ent.co.za/public_html/vendor/laravel/framework/src/Illuminate/Routing/Router.php(807): Illuminate\\Pipeline\\Pipeline->then()
#15 /home/gw-ent.co.za/public_html/vendor/laravel/framework/src/Illuminate/Routing/Router.php(784): Illuminate\\Routing\\Router->runRouteWithinStack()
#16 /home/gw-ent.co.za/public_html/vendor/laravel/framework/src/Illuminate/Routing/Router.php(748): Illuminate\\Routing\\Router->runRoute()
#17 /home/gw-ent.co.za/public_html/vendor/laravel/framework/src/Illuminate/Routing/Router.php(737): Illuminate\\Routing\\Router->dispatchToRoute()
#18 /home/gw-ent.co.za/public_html/vendor/laravel/framework/src/Illuminate/Foundation/Http/Kernel.php(200): Illuminate\\Routing\\Router->dispatch()
#19 /home/gw-ent.co.za/public_html/vendor/laravel/framework/src/Illuminate/Pipeline/Pipeline.php(144): Illuminate\\Foundation\\Http\\Kernel->Illuminate\\Foundation\\Http\\{closure}()
#20 /home/gw-ent.co.za/public_html/vendor/livewire/livewire/src/Features/SupportDisablingBackButtonCache/DisableBackButtonCacheMiddleware.php(19): Illuminate\\Pipeline\\Pipeline->Illuminate\\Pipeline\\{closure}()
#21 /home/gw-ent.co.za/public_html/vendor/laravel/framework/src/Illuminate/Pipeline/Pipeline.php(183): Livewire\\Features\\SupportDisablingBackButtonCache\\DisableBackButtonCacheMiddleware->handle()
#22 /home/gw-ent.co.za/public_html/vendor/laravel/framework/src/Illuminate/Foundation/Http/Middleware/TransformsRequest.php(21): Illuminate\\Pipeline\\Pipeline->Illuminate\\Pipeline\\{closure}()
#23 /home/gw-ent.co.za/public_html/vendor/laravel/framework/src/Illuminate/Foundation/Http/Middleware/ConvertEmptyStringsToNull.php(31): Illuminate\\Foundation\\Http\\Middleware\\TransformsRequest->handle()
#24 /home/gw-ent.co.za/public_html/vendor/laravel/framework/src/Illuminate/Pipeline/Pipeline.php(183): Illuminate\\Foundation\\Http\\Middleware\\ConvertEmptyStringsToNull->handle()
#25 /home/gw-ent.co.za/public_html/vendor/laravel/framework/src/Illuminate/Foundation/Http/Middleware/TransformsRequest.php(21): Illuminate\\Pipeline\\Pipeline->Illuminate\\Pipeline\\{closure}()
#26 /home/gw-ent.co.za/public_html/vendor/laravel/framework/src/Illuminate/Foundation/Http/Middleware/TrimStrings.php(40): Illuminate\\Foundation\\Http\\Middleware\\TransformsRequest->handle()
#27 /home/gw-ent.co.za/public_html/vendor/laravel/framework/src/Illuminate/Pipeline/Pipeline.php(183): Illuminate\\Foundation\\Http\\Middleware\\TrimStrings->handle()
#28 /home/gw-ent.co.za/public_html/vendor/laravel/framework/src/Illuminate/Foundation/Http/Middleware/ValidatePostSize.php(27): Illuminate\\Pipeline\\Pipeline->Illuminate\\Pipeline\\{closure}()
#29 /home/gw-ent.co.za/public_html/vendor/laravel/framework/src/Illuminate/Pipeline/Pipeline.php(183): Illuminate\\Foundation\\Http\\Middleware\\ValidatePostSize->handle()
#30 /home/gw-ent.co.za/public_html/vendor/laravel/framework/src/Illuminate/Foundation/Http/Middleware/PreventRequestsDuringMaintenance.php(99): Illuminate\\Pipeline\\Pipeline->Illuminate\\Pipeline\\{closure}()
#31 /home/gw-ent.co.za/public_html/vendor/laravel/framework/src/Illuminate/Pipeline/Pipeline.php(183): Illuminate\\Foundation\\Http\\Middleware\\PreventRequestsDuringMaintenance->handle()
#32 /home/gw-ent.co.za/public_html/vendor/laravel/framework/src/Illuminate/Http/Middleware/HandleCors.php(62): Illuminate\\Pipeline\\Pipeline->Illuminate\\Pipeline\\{closure}()
#33 /home/gw-ent.co.za/public_html/vendor/laravel/framework/src/Illuminate/Pipeline/Pipeline.php(183): Illuminate\\Http\\Middleware\\HandleCors->handle()
#34 /home/gw-ent.co.za/public_html/vendor/laravel/framework/src/Illuminate/Http/Middleware/TrustProxies.php(39): Illuminate\\Pipeline\\Pipeline->Illuminate\\Pipeline\\{closure}()
#35 /home/gw-ent.co.za/public_html/vendor/laravel/framework/src/Illuminate/Pipeline/Pipeline.php(183): Illuminate\\Http\\Middleware\\TrustProxies->handle()
#36 /home/gw-ent.co.za/public_html/vendor/laravel/framework/src/Illuminate/Pipeline/Pipeline.php(119): Illuminate\\Pipeline\\Pipeline->Illuminate\\Pipeline\\{closure}()
#37 /home/gw-ent.co.za/public_html/vendor/laravel/framework/src/Illuminate/Foundation/Http/Kernel.php(175): Illuminate\\Pipeline\\Pipeline->then()
#38 /home/gw-ent.co.za/public_html/vendor/laravel/framework/src/Illuminate/Foundation/Http/Kernel.php(144): Illuminate\\Foundation\\Http\\Kernel->sendRequestThroughRouter()
#39 /home/gw-ent.co.za/public_html/public/index.php(52): Illuminate\\Foundation\\Http\\Kernel->handle()
#40 {main}
"} 
[2024-06-04 23:00:33] local.INFO: Charge route accessed.  
[2024-06-04 23:00:33] local.INFO: Options for TzController:  {"api_key":"FzEf1L4Ee4RkRCYVQE1cjfhKAWN2OMbl","public_key":"MIICIjANBgkqhkiG9w0BAQEFAAOCAg8AMIICCgKCAgEArv9yxA69XQKBo24BaF/D+fvlqmGdYjqLQ5WtNBb5tquqGvAvG3WMFETVUSow/LizQalxj2ElMVrUmzu5mGGkxK08bWEXF7a1DEvtVJs6nppIlFJc2SnrU14AOrIrB28ogm58JjAl5BOQawOXD5dfSk7MaAA82pVHoIqEu0FxA8BOKU+RGTihRU+ptw1j4bsAJYiPbSX6i71gfPvwHPYamM0bfI4CmlsUUR3KvCG24rB6FNPcRBhM3jDuv8ae2kC33w9hEq8qNB55uw51vK7hyXoAa+U7IqP1y6nBdlN25gkxEA8yrsl1678cspeXr+3ciRyqoRgj9RD/ONbJhhxFvt1cLBh+qwK2eqISfBb06eRnNeC71oBokDm3zyCnkOtMDGl7IvnMfZfEPFCfg5QgJVk1msPpRvQxmEsrX9MQRyFVzgy2CWNIb7c+jPapyrNwoUbANlN8adU1m6yOuoX7F49x+OjiG2se0EJ6nafeKUXw/+hiJZvELUYgzKUtMAZVTNZfT8jjb58j8GVtuS+6TM2AutbejaCV84ZK58E2CRJqhmjQibEUO6KPdD7oTlEkFy52Y1uOOBXgYpqMzufNPmfdqqqSM4dU70PO8ogyKGiLAIxCetMjjm6FCMEA3Kc8K0Ig7/XtFm9By6VxTJK1Mg36TlHaZKP6VzVLXMtesJECAwEAAQ==","service_provider_code":"000000","country":"LES","currency":"LSL","persistent_session":false,"env":"sandbox"} 
[2024-06-04 23:00:34] local.INFO: Charge response: Array
(
    [output_ResponseCode] => INS-13
    [output_ResponseDesc] => Invalid Shortcode Used
    [output_ConversationID] => 78e1b045fe5f455f9457f13418c133fb
    [output_ThirdPartyConversationID] => rasderekf
)
  
[2024-06-04 23:02:29] local.INFO: Charge route accessed.  
[2024-06-04 23:02:29] local.INFO: Options for TzController:  {"api_key":"FzEf1L4Ee4RkRCYVQE1cjfhKAWN2OMbl","public_key":"MIICIjANBgkqhkiG9w0BAQEFAAOCAg8AMIICCgKCAgEArv9yxA69XQKBo24BaF/D+fvlqmGdYjqLQ5WtNBb5tquqGvAvG3WMFETVUSow/LizQalxj2ElMVrUmzu5mGGkxK08bWEXF7a1DEvtVJs6nppIlFJc2SnrU14AOrIrB28ogm58JjAl5BOQawOXD5dfSk7MaAA82pVHoIqEu0FxA8BOKU+RGTihRU+ptw1j4bsAJYiPbSX6i71gfPvwHPYamM0bfI4CmlsUUR3KvCG24rB6FNPcRBhM3jDuv8ae2kC33w9hEq8qNB55uw51vK7hyXoAa+U7IqP1y6nBdlN25gkxEA8yrsl1678cspeXr+3ciRyqoRgj9RD/ONbJhhxFvt1cLBh+qwK2eqISfBb06eRnNeC71oBokDm3zyCnkOtMDGl7IvnMfZfEPFCfg5QgJVk1msPpRvQxmEsrX9MQRyFVzgy2CWNIb7c+jPapyrNwoUbANlN8adU1m6yOuoX7F49x+OjiG2se0EJ6nafeKUXw/+hiJZvELUYgzKUtMAZVTNZfT8jjb58j8GVtuS+6TM2AutbejaCV84ZK58E2CRJqhmjQibEUO6KPdD7oTlEkFy52Y1uOOBXgYpqMzufNPmfdqqqSM4dU70PO8ogyKGiLAIxCetMjjm6FCMEA3Kc8K0Ig7/XtFm9By6VxTJK1Mg36TlHaZKP6VzVLXMtesJECAwEAAQ==","service_provider_code":"000000","country":"LES","currency":"LSL","persistent_session":false,"env":"sandbox"} 
[2024-06-04 23:02:30] local.INFO: Charge response: Array
(
    [output_ResponseCode] => INS-13
    [output_ResponseDesc] => Invalid Shortcode Used
    [output_ConversationID] => 70ec75402ef74307b1cadd4ae8f949f5
    [output_ThirdPartyConversationID] => rasderekf
)
  
[2024-06-04 23:03:28] local.INFO: Charge route accessed.  
[2024-06-04 23:03:28] local.INFO: Options for TzController:  {"api_key":"FzEf1L4Ee4RkRCYVQE1cjfhKAWN2OMbl","public_key":"MIICIjANBgkqhkiG9w0BAQEFAAOCAg8AMIICCgKCAgEArv9yxA69XQKBo24BaF/D+fvlqmGdYjqLQ5WtNBb5tquqGvAvG3WMFETVUSow/LizQalxj2ElMVrUmzu5mGGkxK08bWEXF7a1DEvtVJs6nppIlFJc2SnrU14AOrIrB28ogm58JjAl5BOQawOXD5dfSk7MaAA82pVHoIqEu0FxA8BOKU+RGTihRU+ptw1j4bsAJYiPbSX6i71gfPvwHPYamM0bfI4CmlsUUR3KvCG24rB6FNPcRBhM3jDuv8ae2kC33w9hEq8qNB55uw51vK7hyXoAa+U7IqP1y6nBdlN25gkxEA8yrsl1678cspeXr+3ciRyqoRgj9RD/ONbJhhxFvt1cLBh+qwK2eqISfBb06eRnNeC71oBokDm3zyCnkOtMDGl7IvnMfZfEPFCfg5QgJVk1msPpRvQxmEsrX9MQRyFVzgy2CWNIb7c+jPapyrNwoUbANlN8adU1m6yOuoX7F49x+OjiG2se0EJ6nafeKUXw/+hiJZvELUYgzKUtMAZVTNZfT8jjb58j8GVtuS+6TM2AutbejaCV84ZK58E2CRJqhmjQibEUO6KPdD7oTlEkFy52Y1uOOBXgYpqMzufNPmfdqqqSM4dU70PO8ogyKGiLAIxCetMjjm6FCMEA3Kc8K0Ig7/XtFm9By6VxTJK1Mg36TlHaZKP6VzVLXMtesJECAwEAAQ==","service_provider_code":"000000","country":"LES","currency":"LSL","persistent_session":false,"env":"sandbox"} 
[2024-06-04 23:03:29] local.INFO: Charge response: Array
(
    [output_ResponseCode] => INS-2051
    [output_ResponseDesc] => MSISDN invalid.
    [output_ConversationID] => 329e67a6623d438292f51f476fe8d404
    [output_ThirdPartyConversationID] => rasderekf
)
  
[2024-06-04 23:06:09] local.INFO: Charge route accessed.  
[2024-06-04 23:06:09] local.INFO: Options for TzController:  {"api_key":"FzEf1L4Ee4RkRCYVQE1cjfhKAWN2OMbl","public_key":"MIICIjANBgkqhkiG9w0BAQEFAAOCAg8AMIICCgKCAgEArv9yxA69XQKBo24BaF/D+fvlqmGdYjqLQ5WtNBb5tquqGvAvG3WMFETVUSow/LizQalxj2ElMVrUmzu5mGGkxK08bWEXF7a1DEvtVJs6nppIlFJc2SnrU14AOrIrB28ogm58JjAl5BOQawOXD5dfSk7MaAA82pVHoIqEu0FxA8BOKU+RGTihRU+ptw1j4bsAJYiPbSX6i71gfPvwHPYamM0bfI4CmlsUUR3KvCG24rB6FNPcRBhM3jDuv8ae2kC33w9hEq8qNB55uw51vK7hyXoAa+U7IqP1y6nBdlN25gkxEA8yrsl1678cspeXr+3ciRyqoRgj9RD/ONbJhhxFvt1cLBh+qwK2eqISfBb06eRnNeC71oBokDm3zyCnkOtMDGl7IvnMfZfEPFCfg5QgJVk1msPpRvQxmEsrX9MQRyFVzgy2CWNIb7c+jPapyrNwoUbANlN8adU1m6yOuoX7F49x+OjiG2se0EJ6nafeKUXw/+hiJZvELUYgzKUtMAZVTNZfT8jjb58j8GVtuS+6TM2AutbejaCV84ZK58E2CRJqhmjQibEUO6KPdD7oTlEkFy52Y1uOOBXgYpqMzufNPmfdqqqSM4dU70PO8ogyKGiLAIxCetMjjm6FCMEA3Kc8K0Ig7/XtFm9By6VxTJK1Mg36TlHaZKP6VzVLXMtesJECAwEAAQ==","service_provider_code":"000000","country":"LES","currency":"LSL","persistent_session":false,"env":"sandbox"} 
[2024-06-04 23:06:11] local.INFO: Charge response: Array
(
    [output_ResponseCode] => INS-2051
    [output_ResponseDesc] => MSISDN invalid.
    [output_ConversationID] => 3de1a221fd65444a9233680a15d9bdbe
    [output_ThirdPartyConversationID] => rasderekf
)
  
[2024-06-04 23:06:51] local.INFO: Charge route accessed.  
[2024-06-04 23:06:51] local.INFO: Options for TzController:  {"api_key":"FzEf1L4Ee4RkRCYVQE1cjfhKAWN2OMbl","public_key":"MIICIjANBgkqhkiG9w0BAQEFAAOCAg8AMIICCgKCAgEArv9yxA69XQKBo24BaF/D+fvlqmGdYjqLQ5WtNBb5tquqGvAvG3WMFETVUSow/LizQalxj2ElMVrUmzu5mGGkxK08bWEXF7a1DEvtVJs6nppIlFJc2SnrU14AOrIrB28ogm58JjAl5BOQawOXD5dfSk7MaAA82pVHoIqEu0FxA8BOKU+RGTihRU+ptw1j4bsAJYiPbSX6i71gfPvwHPYamM0bfI4CmlsUUR3KvCG24rB6FNPcRBhM3jDuv8ae2kC33w9hEq8qNB55uw51vK7hyXoAa+U7IqP1y6nBdlN25gkxEA8yrsl1678cspeXr+3ciRyqoRgj9RD/ONbJhhxFvt1cLBh+qwK2eqISfBb06eRnNeC71oBokDm3zyCnkOtMDGl7IvnMfZfEPFCfg5QgJVk1msPpRvQxmEsrX9MQRyFVzgy2CWNIb7c+jPapyrNwoUbANlN8adU1m6yOuoX7F49x+OjiG2se0EJ6nafeKUXw/+hiJZvELUYgzKUtMAZVTNZfT8jjb58j8GVtuS+6TM2AutbejaCV84ZK58E2CRJqhmjQibEUO6KPdD7oTlEkFy52Y1uOOBXgYpqMzufNPmfdqqqSM4dU70PO8ogyKGiLAIxCetMjjm6FCMEA3Kc8K0Ig7/XtFm9By6VxTJK1Mg36TlHaZKP6VzVLXMtesJECAwEAAQ==","service_provider_code":"000000","country":"LES","currency":"LSL","persistent_session":false,"env":"sandbox"} 
[2024-06-04 23:06:53] local.INFO: Charge response: Array
(
    [output_ThirdPartyConversationID] => rasderekf
    [output_ConversationID] => e33a205b65bd43f092954f151f1d8186
    [output_ResponseCode] => INS-0
    [output_ResponseDesc] => Successfully Accepted Request
)
  
